<?xml version="1.0" encoding="UTF-8"?>
<!-- Generated by org.testng.reporters.JUnitXMLReporter -->
<testsuite ignored="0" hostname="DESKTOP-6M4NFPQ" failures="0" tests="4" name="Default test" time="0.07" errors="0" timestamp="09 Mar 2023 15:58:28 GMT">
  <testcase classname="testng.TestDependency" name="orange" time="0.014"/>
  <testcase classname="testng.TestDependency" name="white" time="0.003"/>
  <testcase classname="testng.TestDependency" name="blue" time="0.003">
    <skipped/>
  </testcase> <!-- blue -->
  <testcase classname="testng.TestDependency" name="green" time="0.001">
    <skipped/>
  </testcase> <!-- green -->
</testsuite> <!-- Default test -->
